t 07/31/116-03:25:59 3.2 t
s 0 main.c 754951802 3.0
h flexdef.h 1469945337
h /usr/include/stdio.h 1469794776
h /usr/include/features.h 1447953515
h /usr/include/stdc-predef.h 1447953516
h /usr/include/sys/cdefs.h 1447953531
h /usr/include/bits/wordsize.h 1447953526
h /usr/include/gnu/stubs.h 1447953516
h /usr/include/stddef.h 1469784048
h /usr/include/bits/types.h 1469783630
h /usr/include/bits/typesizes.h 1447953530
h /usr/include/libio.h 1447953527
h /usr/include/_G_config.h 1447953527
h /usr/include/wchar.h 1447953528
h /usr/include/stdarg.h 1469784042
h /usr/include/bits/stdio_lim.h 1447953526
h /usr/include/bits/sys_errlist.h 1447953527
h /usr/include/ctype.h 1447953523
h /usr/include/endian.h 1447953528
h /usr/include/bits/endian.h 1447953528
h /usr/include/bits/byteswap.h 1447953528
h /usr/include/bits/byteswap-16.h 1447953528
h /usr/include/xlocale.h 1447953516
h test.h 1469945281
h version.h 754775920
b 0 2 0 1
b 0 2 1 1
c 0 2 19 0 1 1
c 0 2 20 0 1 1
b 0 4 0 1
b 0 4 1 1
b 0 4 2 1
c 0 4 14 1 2 1
s 1 misc.c 754984799 3.0
h flexdef.h 1469945337
h /usr/include/stdio.h 1469794776
h /usr/include/features.h 1447953515
h /usr/include/stdc-predef.h 1447953516
h /usr/include/sys/cdefs.h 1447953531
h /usr/include/bits/wordsize.h 1447953526
h /usr/include/gnu/stubs.h 1447953516
h /usr/include/stddef.h 1469784048
h /usr/include/bits/types.h 1469783630
h /usr/include/bits/typesizes.h 1447953530
h /usr/include/libio.h 1447953527
h /usr/include/_G_config.h 1447953527
h /usr/include/wchar.h 1447953528
h /usr/include/stdarg.h 1469784042
h /usr/include/bits/stdio_lim.h 1447953526
h /usr/include/bits/sys_errlist.h 1447953527
h /usr/include/ctype.h 1447953523
h /usr/include/endian.h 1447953528
h /usr/include/bits/endian.h 1447953528
h /usr/include/bits/byteswap.h 1447953528
h /usr/include/bits/byteswap-16.h 1447953528
h /usr/include/xlocale.h 1447953516
h test.h 1469945281
b 1 3 0 1
b 1 3 1 1
p 1 3 0 0 1 3 1
p 1 3 1 0 1 3 1
p 1 3 2 0 1 3 1
b 1 3 3 1
c 1 3 2 0 3 1
c 1 3 1 0 3 1
s 2 liballoc.c 1469949633 3.0
b 2 0 0 1
b 2 0 1 1
c 2 0 0 0 1 1
b 1 3 4 1
b 1 3 5 1
p 1 3 0 0 5 7 1
p 1 3 3 4 5 7 1
b 1 3 7 1
c 1 3 3 4 7 1
b 0 4 3 1
b 0 4 4 1
c 0 4 13 3 4 1
c 0 4 24 0 4 1
c 0 4 34 0 4 1
p 0 4 0 0 4 6 1
p 0 4 33 0 4 6 1
b 0 4 6 1
p 0 4 0 0 6 5 1
b 0 4 5 1
c 0 4 18 4 5 1
s 3 libstring.c 754896497 3.0
b 3 2 0 1
b 3 2 1 1
b 3 2 2 1
c 3 2 1 0 2 1
c 3 2 2 1 2 1
p 3 2 0 0 2 4 1
p 3 2 2 1 2 4 1
p 3 2 3 0 2 4 1
b 3 2 4 1
c 3 2 2 1 4 1
c 3 2 2 4 2 1
p 3 2 2 4 2 4 1
c 3 2 2 4 4 1
p 3 2 0 0 2 3 1
p 3 2 2 4 2 3 1
p 3 2 3 0 2 3 1
b 3 2 3 1
c 3 2 2 4 3 1
p 0 4 33 0 5 8 1
b 0 4 8 1
c 0 4 23 0 8 1
c 0 4 24 0 8 1
b 0 4 10 1
p 0 4 0 0 10 9 1
p 0 4 23 8 10 9 1
b 0 4 9 1
p 0 4 0 0 9 70 1
p 0 4 27 1 9 70 1
b 0 4 70 1
p 0 4 0 0 70 71 1
p 0 4 6 1 70 71 1
b 0 4 71 1
p 0 4 0 0 71 74 1
p 0 4 8 1 71 74 1
b 0 4 74 1
b 0 4 75 1
p 0 4 0 0 75 76 1
p 0 4 28 1 75 76 1
b 0 4 76 1
p 0 4 0 0 76 77 1
p 0 4 6 1 76 77 1
b 0 4 77 1
p 0 4 0 0 77 79 1
p 0 4 8 1 77 79 1
b 0 4 79 1
b 0 4 80 1
p 0 4 0 0 80 87 1
p 0 4 4 1 80 87 1
b 0 4 87 1
p 0 4 0 0 87 88 1
p 0 4 6 1 87 88 1
b 0 4 88 1
p 0 4 0 0 88 91 1
p 0 4 8 1 88 91 1
b 0 4 91 1
p 0 4 0 0 91 92 1
p 0 4 6 1 91 92 1
b 0 4 92 1
p 0 4 0 0 92 95 1
p 0 4 8 1 92 95 1
b 0 4 95 1
p 0 4 0 0 95 98 1
p 0 4 6 1 95 98 1
b 0 4 98 1
p 0 4 0 0 98 101 1
p 0 4 11 1 98 101 1
b 0 4 101 1
p 0 4 0 0 101 102 1
p 0 4 20 1 101 102 1
b 0 4 102 1
p 0 4 0 0 102 105 1
p 0 4 11 1 102 105 1
b 0 4 105 1
b 0 4 104 1
c 0 4 19 0 104 1
c 0 4 22 0 104 1
c 0 4 31 105 104 1
b 0 4 106 1
c 0 4 1 0 106 1
b 0 4 107 1
b 0 4 108 1
p 0 4 0 0 108 110 1
p 0 4 30 107 108 110 1
b 0 4 110 1
b 0 4 111 1
c 0 4 23 8 111 1
c 0 4 24 8 111 1
p 0 4 0 0 111 113 1
p 0 4 17 111 111 113 1
b 0 4 113 1
s 4 scan.c 1469793977 3.0
h /usr/include/stdio.h 1469794776
h /usr/include/features.h 1447953515
h /usr/include/stdc-predef.h 1447953516
h /usr/include/sys/cdefs.h 1447953531
h /usr/include/bits/wordsize.h 1447953526
h /usr/include/gnu/stubs.h 1447953516
h /usr/include/stddef.h 1469784048
h /usr/include/bits/types.h 1469783630
h /usr/include/bits/typesizes.h 1447953530
h /usr/include/libio.h 1447953527
h /usr/include/_G_config.h 1447953527
h /usr/include/wchar.h 1447953528
h /usr/include/stdarg.h 1469784042
h /usr/include/bits/stdio_lim.h 1447953526
h /usr/include/bits/sys_errlist.h 1447953527
h scan.l 754897935
h flexdef.h 1469945337
h /usr/include/ctype.h 1447953523
h /usr/include/endian.h 1447953528
h /usr/include/bits/endian.h 1447953528
h /usr/include/bits/byteswap.h 1447953528
h /usr/include/bits/byteswap-16.h 1447953528
h /usr/include/xlocale.h 1447953516
h test.h 1469945281
h parse.h 1469946092
b 4 16 0 1
b 4 16 1 1
p 4 16 0 0 1 7 1
p 4 16 4 0 1 7 1
b 4 16 7 1
c 4 16 1 0 7 1
b 0 4 114 1
p 0 4 0 0 114 120 1
p 0 4 10 1 114 120 1
b 0 4 120 1
b 0 4 119 1
p 0 4 0 0 119 125 1
p 0 4 21 0 119 125 1
b 0 4 125 1
c 0 4 22 0 125 1
b 3 0 0 1
b 3 0 1 1
c 3 0 1 0 1 1
p 3 0 0 0 1 2 1
p 3 0 5 0 1 2 1
b 3 0 2 1
c 3 0 2 0 2 1
p 3 0 0 0 2 4 1
p 3 0 6 0 2 4 1
b 3 0 4 1
c 3 0 1 0 4 1
c 3 0 5 0 4 1
c 3 0 2 0 4 1
c 3 0 6 0 4 1
p 3 0 0 0 4 7 1
p 3 0 4 4 4 7 1
p 3 0 3 4 4 7 1
b 3 0 7 1
p 3 0 0 0 7 6 1
p 3 0 4 4 7 6 1
p 3 0 3 4 7 6 1
b 3 0 6 1
c 3 0 1 0 6 1
c 3 0 2 0 6 1
c 3 0 1 6 1 1
c 3 0 2 6 2 1
c 3 0 1 6 4 1
c 3 0 2 6 4 1
c 3 0 1 6 6 1
c 3 0 2 6 6 1
p 3 0 0 0 1 3 1
p 3 0 5 0 1 3 1
b 3 0 3 1
c 3 0 1 6 3 1
p 3 0 0 0 3 10 1
p 3 0 5 0 3 10 1
b 3 0 10 1
c 3 0 2 6 10 1
p 3 0 0 0 10 12 1
p 3 0 6 0 10 12 1
b 3 0 12 1
p 0 4 0 0 125 141 1
p 0 4 22 0 125 141 1
b 0 4 141 1
p 0 4 0 0 141 142 1
p 0 4 5 1 141 142 1
b 0 4 142 1
b 0 4 144 1
p 0 4 0 0 144 145 1
p 0 4 12 74 144 145 1
p 0 4 25 142 144 145 1
b 0 4 145 1
p 0 4 25 145 144 145 1
p 0 4 0 0 144 143 1
p 0 4 12 74 144 143 1
p 0 4 25 145 144 143 1
b 0 4 143 1
b 0 4 146 1
b 0 6 0 1
b 0 6 1 1
b 0 6 2 1
c 0 6 0 1 2 1
b 0 6 3 1
b 0 6 4 1
c 0 6 0 1 4 1
b 0 6 5 1
b 0 6 6 1
c 0 6 0 1 6 1
b 0 6 7 1
b 0 6 8 1
c 0 6 0 1 8 1
b 0 6 9 1
b 0 6 10 1
c 0 6 0 1 10 1
b 0 6 11 1
b 0 6 12 1
c 0 6 0 1 12 1
b 0 6 13 1
b 0 6 14 1
c 0 6 0 1 14 1
b 0 6 15 1
b 0 6 16 1
c 0 6 0 1 16 1
b 0 6 17 1
b 0 6 18 1
c 0 6 0 1 18 1
b 0 6 19 1
b 0 6 20 1
b 0 6 21 1
c 0 6 1 20 21 1
b 0 6 22 1
b 0 6 23 1
c 0 6 1 20 23 1
b 0 6 24 1
b 0 6 25 1
c 0 6 1 20 25 1
b 0 6 26 1
b 0 6 27 1
b 0 6 28 1
c 0 6 2 27 28 1
b 0 6 29 1
b 0 6 30 1
c 0 6 2 27 30 1
b 0 6 31 1
b 0 6 32 1
c 0 6 2 27 32 1
b 0 6 33 1
b 0 6 34 1
c 0 6 2 27 34 1
b 0 6 35 1
b 0 6 36 1
c 0 6 2 27 36 1
b 0 6 37 1
b 0 6 38 1
c 0 6 2 27 38 1
b 0 6 39 1
b 0 6 40 1
b 0 6 41 1
c 0 6 6 40 41 1
b 0 6 42 1
b 0 6 43 1
c 0 6 6 40 43 1
b 0 6 44 1
b 0 6 45 1
c 0 6 6 40 45 1
b 0 6 46 1
b 0 6 47 1
b 0 6 48 1
c 0 6 7 47 48 1
b 0 6 49 1
b 0 6 50 1
b 0 6 51 1
c 0 6 3 50 51 1
b 0 6 52 1
b 0 6 53 1
c 0 6 3 50 53 1
b 0 6 54 1
b 0 6 55 1
b 0 6 56 1
c 0 6 4 55 56 1
b 0 6 57 1
b 0 6 58 1
b 0 6 59 1
c 0 6 5 58 59 1
b 0 6 60 1
b 0 6 61 1
c 0 6 5 58 61 1
b 0 6 62 1
b 0 6 63 1
c 0 6 5 58 63 1
b 0 6 64 1
b 0 6 65 1
c 0 6 5 58 65 1
b 0 6 66 1
b 0 6 67 1
c 0 6 5 58 67 1
b 0 6 68 1
b 0 6 69 1
c 0 6 5 58 69 1
b 0 6 70 1
b 0 6 71 1
c 0 6 5 58 71 1
b 0 6 72 1
b 0 6 73 1
b 0 2 2 1
b 0 5 0 1
b 0 5 1 1
b 1 30 0 1
b 1 30 1 1
b 1 30 2 1
p 1 30 0 0 2 5 1
p 1 30 3 0 2 5 1
b 1 30 5 1
c 1 30 7 0 5 1
p 1 30 4 5 5 6 1
p 1 30 7 0 5 6 1
b 1 30 6 1
c 1 30 5 5 6 1
p 1 30 0 0 6 13 1
p 1 30 8 1 6 13 1
b 1 30 13 1
p 1 30 0 0 13 14 1
p 1 30 6 1 13 14 1
b 1 30 14 1
p 1 30 0 0 14 16 1
p 1 30 3 0 14 16 1
b 1 30 16 1
c 1 30 5 5 16 1
p 1 30 0 0 6 7 1
p 1 30 8 1 6 7 1
b 1 30 7 1
c 1 30 5 5 7 1
p 1 30 0 0 7 10 1
p 1 30 8 1 7 10 1
b 1 30 10 1
c 1 30 2 0 10 1
p 1 30 6 10 13 14 1
p 1 30 0 0 7 11 1
p 1 30 8 1 7 11 1
b 1 30 11 1
p 1 30 6 11 13 14 1
p 1 30 0 0 7 9 1
p 1 30 8 1 7 9 1
b 1 30 9 1
c 1 30 2 0 9 1
p 1 30 0 0 13 2 1
p 1 30 6 9 13 2 1
p 1 30 0 0 7 8 1
p 1 30 8 1 7 8 1
b 1 30 8 1
b 0 5 2 1
b 1 20 0 1
b 1 20 1 1
p 1 20 0 0 1 2 1
p 1 20 3 0 1 2 1
b 1 20 2 1
p 1 20 0 0 2 3 1
p 1 20 1 0 2 3 1
b 1 20 3 1
c 1 20 2 0 3 1
c 1 20 3 0 3 1
b 1 20 4 1
p 1 20 0 0 4 6 1
p 1 20 4 0 4 6 1
b 1 20 6 1
b 1 2 0 1
b 1 2 1 1
c 1 2 4 0 1 1
b 1 2 2 1
p 1 2 0 0 2 3 1
p 1 2 2 0 2 3 1
p 1 2 3 0 2 3 1
p 1 2 5 1 2 3 1
b 1 2 3 1
c 1 2 1 0 3 1
c 1 2 3 0 3 1
c 1 2 4 0 3 1
b 3 1 0 1
b 3 1 1 1
c 3 1 1 0 1 1
p 3 1 0 0 1 2 1
p 3 1 1 0 1 2 1
b 3 1 2 1
b 1 2 7 1
c 1 2 5 1 7 1
b 0 5 3 1
s 5 parse.c 1469946092 3.0
h ./parse.y 754693187
h ./flexdef.h 1469945337
h /usr/include/stdio.h 1469794776
h /usr/include/features.h 1447953515
h /usr/include/stdc-predef.h 1447953516
h /usr/include/sys/cdefs.h 1447953531
h /usr/include/bits/wordsize.h 1447953526
h /usr/include/gnu/stubs.h 1447953516
h /usr/include/stddef.h 1469784048
h /usr/include/bits/types.h 1469783630
h /usr/include/bits/typesizes.h 1447953530
h /usr/include/libio.h 1447953527
h /usr/include/_G_config.h 1447953527
h /usr/include/wchar.h 1447953528
h /usr/include/stdarg.h 1469784042
h /usr/include/bits/stdio_lim.h 1447953526
h /usr/include/bits/sys_errlist.h 1447953527
h /usr/include/ctype.h 1447953523
h /usr/include/endian.h 1447953528
h /usr/include/bits/endian.h 1447953528
h /usr/include/bits/byteswap.h 1447953528
h /usr/include/bits/byteswap-16.h 1447953528
h /usr/include/xlocale.h 1447953516
h ./test.h 1469945281
h y.tab.c 0
b 5 3 0 1
b 5 3 1 1
b 5 3 3 1
c 5 3 43 1 3 1
c 5 3 46 1 3 1
p 5 3 0 0 3 21 1
p 5 3 49 1 3 21 1
p 5 3 45 1 3 21 1
p 5 3 46 1 3 21 1
b 5 3 21 1
p 5 3 0 0 21 23 1
p 5 3 43 1 21 23 1
b 5 3 23 1
b 5 3 24 1
c 5 3 73 0 24 1
c 5 3 43 1 24 1
p 5 3 0 0 24 25 1
p 5 3 50 24 24 25 1
b 5 3 25 1
b 5 3 48 1
c 5 3 71 0 48 1
c 5 3 43 1 48 1
p 5 3 0 0 48 50 1
p 5 3 50 48 48 50 1
b 5 3 50 1
b 5 3 51 1
c 5 3 70 0 51 1
c 5 3 50 48 51 1
c 5 3 48 1 51 1
p 5 3 0 0 51 70 1
p 5 3 50 48 51 70 1
b 5 3 70 1
s 6 sym.c 754984800 3.0
h flexdef.h 1469945337
h /usr/include/stdio.h 1469794776
h /usr/include/features.h 1447953515
h /usr/include/stdc-predef.h 1447953516
h /usr/include/sys/cdefs.h 1447953531
h /usr/include/bits/wordsize.h 1447953526
h /usr/include/gnu/stubs.h 1447953516
h /usr/include/stddef.h 1469784048
h /usr/include/bits/types.h 1469783630
h /usr/include/bits/typesizes.h 1447953530
h /usr/include/libio.h 1447953527
h /usr/include/_G_config.h 1447953527
h /usr/include/wchar.h 1447953528
h /usr/include/stdarg.h 1469784042
h /usr/include/bits/stdio_lim.h 1447953526
h /usr/include/bits/sys_errlist.h 1447953527
h /usr/include/ctype.h 1447953523
h /usr/include/endian.h 1447953528
h /usr/include/bits/endian.h 1447953528
h /usr/include/bits/byteswap.h 1447953528
h /usr/include/bits/byteswap-16.h 1447953528
h /usr/include/xlocale.h 1447953516
h test.h 1469945281
b 6 10 0 1
b 6 10 1 1
c 6 10 1 0 1 1
b 6 10 2 1
c 6 10 1 0 2 1
p 6 10 0 0 2 4 1
p 6 10 2 0 2 4 1
p 6 10 1 2 2 4 1
b 6 10 4 1
b 1 9 0 1
b 1 9 1 1
c 1 9 1 0 1 1
b 1 9 2 1
c 1 9 2 1 2 1
p 1 9 0 0 2 3 1
b 1 9 3 1
c 1 9 2 1 3 1
c 1 9 2 3 2 1
c 1 9 2 3 3 1
p 1 9 0 0 2 4 1
b 1 9 4 1
c 1 9 2 3 4 1
c 1 9 1 0 4 1
b 1 9 5 1
b 1 9 6 1
p 1 9 0 0 6 8 1
p 1 9 3 5 6 8 1
b 1 9 8 1
c 1 9 3 5 8 1
b 1 9 10 1
c 1 9 4 0 10 1
p 1 9 0 0 10 10 1
p 1 9 0 0 10 9 1
p 1 9 4 0 10 9 1
b 1 9 9 1
c 1 9 3 5 9 1
b 6 10 5 1
c 6 10 7 0 5 1
c 6 10 1 2 5 1
b 6 10 6 1
c 6 10 7 0 6 1
c 6 10 9 5 6 1
c 6 10 1 5 6 1
b 6 2 0 1
b 6 2 1 1
c 6 2 4 0 1 1
b 6 6 0 1
b 6 6 1 1
b 6 6 2 1
c 6 6 3 1 2 1
p 6 6 0 0 2 4 1
p 6 6 3 1 2 4 1
p 6 6 4 0 2 4 1
b 6 6 4 1
c 6 6 4 0 4 1
c 6 6 1 0 4 1
c 6 6 3 4 2 1
p 6 6 3 4 2 4 1
p 6 6 0 0 2 3 1
p 6 6 3 4 2 3 1
p 6 6 4 0 2 3 1
b 6 6 3 1
c 6 6 2 4 3 1
b 6 2 2 1
c 6 2 3 0 2 1
c 6 2 9 0 2 1
c 6 2 5 1 2 1
b 6 2 3 1
p 6 2 0 0 3 7 1
p 6 2 6 2 3 7 1
b 6 2 7 1
b 6 2 8 1
b 6 2 9 1
p 6 2 0 0 9 11 1
p 6 2 7 8 9 11 1
b 6 2 11 1
c 6 2 3 0 11 1
c 6 2 9 0 11 1
c 6 2 5 1 11 1
p 6 2 0 0 11 14 1
p 6 2 5 1 11 14 1
p 6 2 9 0 11 14 1
b 6 2 14 1
c 6 2 7 8 14 1
b 6 2 13 1
c 6 2 7 8 13 1
c 6 2 1 0 13 1
c 6 2 2 0 13 1
c 6 2 3 0 13 1
p 6 10 0 0 6 8 1
p 6 10 1 5 6 8 1
p 6 10 9 5 6 8 1
b 6 10 8 1
s 7 nfa.c 748669332 3.0
h flexdef.h 1469945337
h /usr/include/stdio.h 1469794776
h /usr/include/features.h 1447953515
h /usr/include/stdc-predef.h 1447953516
h /usr/include/sys/cdefs.h 1447953531
h /usr/include/bits/wordsize.h 1447953526
h /usr/include/gnu/stubs.h 1447953516
h /usr/include/stddef.h 1469784048
h /usr/include/bits/types.h 1469783630
h /usr/include/bits/typesizes.h 1447953530
h /usr/include/libio.h 1447953527
h /usr/include/_G_config.h 1447953527
h /usr/include/wchar.h 1447953528
h /usr/include/stdarg.h 1469784042
h /usr/include/bits/stdio_lim.h 1447953526
h /usr/include/bits/sys_errlist.h 1447953527
h /usr/include/ctype.h 1447953523
h /usr/include/endian.h 1447953528
h /usr/include/bits/endian.h 1447953528
h /usr/include/bits/byteswap.h 1447953528
h /usr/include/bits/byteswap-16.h 1447953528
h /usr/include/xlocale.h 1447953516
h test.h 1469945281
b 7 15 0 1
b 7 15 1 1
c 7 15 5 0 1 1
p 7 15 0 0 1 23 1
p 7 15 3 0 1 23 1
p 7 15 5 1 1 23 1
b 7 15 23 1
c 7 15 6 0 23 1
c 7 15 8 0 23 1
c 7 15 7 0 23 1
c 7 15 18 0 23 1
c 7 15 9 0 23 1
c 7 15 10 0 23 1
c 7 15 11 0 23 1
c 7 15 12 0 23 1
c 7 15 4 0 23 1
c 7 15 13 0 23 1
c 7 15 15 0 23 1
c 7 15 14 0 23 1
p 7 15 0 0 23 26 1
p 7 15 18 0 23 26 1
b 7 15 26 1
p 7 15 0 0 26 27 1
p 7 15 18 0 26 27 1
b 7 15 27 1
c 7 15 16 0 27 1
b 7 15 25 1
c 7 15 5 23 25 1
b 6 10 9 1
c 6 10 3 0 9 1
c 6 10 1 5 9 1
b 6 10 10 1
b 6 10 11 1
c 6 10 4 0 11 1
c 6 10 1 9 11 1
b 6 10 12 1
c 6 10 8 0 12 1
c 6 10 5 0 12 1
c 6 10 6 0 12 1
b 5 3 71 1
b 5 3 52 1
c 5 3 54 51 52 1
c 5 3 53 51 52 1
c 5 3 69 0 52 1
c 5 3 74 0 52 1
c 5 3 78 3 52 1
p 5 3 0 0 52 345 1
p 5 3 43 52 52 345 1
b 5 3 345 1
c 5 3 72 0 345 1
c 5 3 50 52 345 1
b 5 3 344 1
b 5 3 2 1
c 5 3 46 52 2 1
c 5 3 43 345 3 1
c 5 3 46 2 3 1
p 5 3 46 2 3 21 1
p 5 3 43 345 21 23 1
c 5 3 43 345 24 1
p 5 3 0 0 24 26 1
p 5 3 50 24 24 26 1
b 5 3 26 1
p 5 3 0 0 26 27 1
p 5 3 40 1 26 27 1
b 5 3 27 1
b 5 3 28 1
s 8 yylex.c 748236720 3.0
h /usr/include/ctype.h 1447953523
h /usr/include/features.h 1447953515
h /usr/include/stdc-predef.h 1447953516
h /usr/include/sys/cdefs.h 1447953531
h /usr/include/bits/wordsize.h 1447953526
h /usr/include/gnu/stubs.h 1447953516
h /usr/include/bits/types.h 1469783630
h /usr/include/bits/typesizes.h 1447953530
h /usr/include/endian.h 1447953528
h /usr/include/bits/endian.h 1447953528
h /usr/include/bits/byteswap.h 1447953528
h /usr/include/bits/byteswap-16.h 1447953528
h /usr/include/xlocale.h 1447953516
h flexdef.h 1469945337
h /usr/include/stdio.h 1469794776
h /usr/include/stddef.h 1469784048
h /usr/include/libio.h 1447953527
h /usr/include/_G_config.h 1447953527
h /usr/include/wchar.h 1447953528
h /usr/include/stdarg.h 1469784042
h /usr/include/bits/stdio_lim.h 1447953526
h /usr/include/bits/sys_errlist.h 1447953527
h test.h 1469945281
h parse.h 1469946092
b 8 2 0 1
b 8 2 1 1
p 8 2 0 0 1 4 1
p 8 2 2 0 1 4 1
b 8 2 4 1
b 4 2 0 1
b 4 2 1 1
p 4 2 0 0 1 2 1
p 4 2 8 0 1 2 1
b 4 2 2 1
p 4 2 0 0 2 3 1
p 4 2 9 0 2 3 1
b 4 2 3 1
b 4 2 4 1
p 4 2 0 0 4 6 1
p 4 2 18 0 4 6 1
b 4 2 6 1
p 4 2 0 0 6 7 1
p 4 2 11 0 6 7 1
b 4 2 7 1
c 4 2 2 0 7 1
b 4 2 8 1
p 4 2 0 0 8 11 1
p 4 2 3 0 8 11 1
b 4 2 11 1
c 4 2 18 0 11 1
b 4 11 0 1
b 4 11 1 1
b 4 11 2 1
b 4 11 3 1
b 4 11 4 1
p 4 11 0 0 4 6 1
p 4 11 3 3 4 6 1
b 4 11 6 1
c 4 11 2 0 6 1
c 4 11 3 3 6 1
b 4 11 7 1
c 4 11 3 3 7 1
c 4 11 4 6 7 1
b 4 11 8 1
c 4 11 3 3 8 1
b 4 11 9 1
c 4 11 3 3 9 1
p 4 11 0 0 9 11 1
p 4 11 4 8 9 11 1
b 4 11 11 1
c 4 11 3 3 11 1
c 4 11 1 0 11 1
b 4 13 0 1
b 4 13 1 1
c 4 13 2 0 1 1
c 4 13 1 0 1 1
b 4 13 2 1
p 4 13 0 0 2 3 1
p 4 13 2 0 2 3 1
b 4 13 3 1
c 4 13 2 0 3 1
b 4 13 5 1
c 4 13 1 0 5 1
b 4 13 6 1
c 4 13 1 0 6 1
b 4 11 12 1
c 4 11 3 3 12 1
b 4 2 12 1
b 4 2 10 1
b 4 10 0 1
b 4 10 1 1
c 4 10 0 0 1 1
c 4 10 1 0 1 1
c 4 10 2 0 1 1
b 4 2 13 1
b 4 2 14 1
p 4 2 0 0 14 15 1
b 4 2 15 1
c 4 2 7 0 15 1
c 4 2 4 0 15 1
c 4 2 9 3 15 1
p 4 2 0 0 15 16 1
b 4 2 16 1
c 4 2 21 15 16 1
b 4 2 17 1
c 4 2 39 0 17 1
c 4 2 22 15 17 1
c 4 2 46 15 17 1
c 4 2 21 16 17 1
p 4 2 0 0 17 20 1
p 4 2 21 16 17 20 1
p 4 2 38 0 17 20 1
b 4 2 20 1
c 4 2 41 0 20 1
c 4 2 21 16 20 1
c 4 2 31 17 20 1
p 4 2 0 0 20 22 1
p 4 2 31 17 20 22 1
p 4 2 21 16 20 22 1
p 4 2 41 0 20 22 1
p 4 2 44 0 20 22 1
b 4 2 22 1
c 4 2 42 0 22 1
p 4 2 0 0 22 20 1
p 4 2 21 22 22 20 1
c 4 2 21 22 20 1
p 4 2 0 0 20 21 1
p 4 2 31 17 20 21 1
p 4 2 21 22 20 21 1
p 4 2 41 0 20 21 1
p 4 2 44 0 20 21 1
b 4 2 21 1
c 4 2 43 0 21 1
c 4 2 41 0 21 1
c 4 2 31 17 21 1
c 4 2 22 15 21 1
b 4 2 18 1
c 4 2 21 21 18 1
p 4 2 0 0 18 17 1
p 4 2 21 21 18 17 1
p 4 2 41 0 18 17 1
c 4 2 22 21 17 1
c 4 2 21 21 17 1
p 4 2 0 0 17 19 1
p 4 2 21 21 17 19 1
p 4 2 38 0 17 19 1
b 4 2 19 1
c 4 2 21 21 19 1
c 4 2 22 21 19 1
c 4 2 21 21 20 1
p 4 2 21 21 20 21 1
c 4 2 22 21 21 1
p 4 2 0 0 18 24 1
p 4 2 21 21 18 24 1
p 4 2 41 0 18 24 1
b 4 2 24 1
c 4 2 38 0 24 1
c 4 2 21 21 24 1
c 4 2 23 15 24 1
c 4 2 22 21 24 1
c 4 2 46 15 24 1
b 4 2 25 1
p 4 2 0 0 25 26 1
p 4 2 24 24 25 26 1
b 4 2 26 1
c 4 2 4 24 26 1
c 4 2 22 21 26 1
c 4 2 13 19 26 1
c 4 2 12 19 26 1
c 4 2 21 26 24 1
c 4 2 22 26 24 1
c 4 2 46 26 24 1
p 4 2 0 0 25 305 1
p 4 2 24 24 25 305 1
b 4 2 305 1
c 4 2 22 26 305 1
c 4 2 14 24 305 1
c 4 2 4 24 305 1
c 4 2 3 12 305 1
c 4 2 37 0 305 1
c 4 2 5 0 305 1
p 4 2 0 0 305 315 1
p 4 2 7 24 305 315 1
b 4 2 315 1
b 4 3 0 1
b 4 3 1 1
c 4 3 1 0 1 1
c 4 3 12 0 1 1
c 4 3 4 0 1 1
c 4 3 2 0 1 1
p 4 3 0 0 1 3 1
p 4 3 3 0 1 3 1
b 4 3 3 1
c 4 3 3 0 3 1
c 4 3 4 0 3 1
b 4 3 5 1
p 4 3 0 0 5 6 1
p 4 3 6 3 5 6 1
p 4 3 7 3 5 6 1
b 4 3 6 1
c 4 3 13 1 6 1
p 4 3 0 0 5 4 1
p 4 3 6 3 5 4 1
p 4 3 7 6 5 4 1
b 4 3 4 1
c 4 3 1 0 4 1
p 4 3 0 0 4 9 1
p 4 3 12 0 4 9 1
b 4 3 9 1
c 4 3 1 0 9 1
c 4 3 12 0 9 1
c 4 3 6 3 9 1
b 4 3 10 1
p 4 3 0 0 10 11 1
p 4 3 9 9 10 11 1
b 4 3 11 1
p 4 3 0 0 11 18 1
p 4 3 9 9 11 18 1
b 4 3 18 1
b 4 3 19 1
c 4 3 1 0 19 1
p 4 3 0 0 19 20 1
p 4 3 12 0 19 20 1
b 4 3 20 1
c 4 3 5 0 20 1
p 4 3 5 0 20 21 1
b 4 3 21 1
c 4 3 1 0 21 1
c 4 3 12 0 21 1
c 4 3 6 3 21 1
b 4 3 22 1
p 4 3 0 0 22 24 1
b 4 3 24 1
b 4 3 25 1
b 4 3 26 1
b 4 3 8 1
p 4 3 0 0 8 36 1
p 4 3 2 25 8 36 1
b 4 3 36 1
b 4 3 35 1
c 4 3 6 3 35 1
c 4 3 1 0 35 1
c 4 3 8 36 35 1
p 4 2 0 0 315 321 1
b 4 2 321 1
c 4 2 14 24 321 1
c 4 2 35 305 321 1
b 4 2 322 1
b 4 4 0 1
b 4 4 1 1
c 4 4 3 0 1 1
c 4 4 2 0 1 1
p 4 4 0 0 1 2 1
p 4 4 15 1 1 2 1
b 4 4 2 1
c 4 4 4 1 2 1
b 4 4 3 1
c 4 4 3 0 3 1
b 4 4 5 1
p 4 4 0 0 5 4 1
p 4 4 1 0 5 4 1
p 4 4 5 3 5 4 1
b 4 4 4 1
c 4 4 4 2 4 1
b 4 2 323 1
b 4 2 324 1
c 4 2 7 321 324 1
c 4 2 14 24 324 1
c 4 2 22 324 17 1
c 4 2 46 305 17 1
c 4 2 21 323 17 1
p 4 2 21 323 17 20 1
c 4 2 21 323 20 1
p 4 2 21 323 20 21 1
c 4 2 22 324 21 1
p 4 2 21 21 20 22 1
p 4 2 0 0 22 23 1
p 4 2 21 22 22 23 1
b 4 2 23 1
c 4 2 40 0 23 1
c 4 2 31 23 20 1
p 4 2 31 23 20 22 1
p 4 2 21 22 20 22 1
p 4 2 31 23 20 21 1
c 4 2 31 23 21 1
c 4 2 23 324 24 1
c 4 2 46 305 24 1
p 4 3 7 6 5 6 1
p 4 4 0 0 5 7 1
p 4 4 1 0 5 7 1
p 4 4 5 3 5 7 1
b 4 4 7 1
c 4 4 5 3 7 1
p 4 4 0 0 7 9 1
b 4 4 9 1
c 4 4 8 0 9 1
c 4 4 5 3 9 1
b 4 4 8 1
c 4 4 4 2 8 1
p 4 4 0 0 8 12 1
p 4 4 4 2 8 12 1
p 4 4 7 0 8 12 1
b 4 4 12 1
c 4 4 10 0 12 1
c 4 4 4 2 12 1
c 4 4 6 7 12 1
p 4 4 0 0 12 13 1
p 4 4 6 7 12 13 1
p 4 4 4 2 12 13 1
p 4 4 10 0 12 13 1
p 4 4 13 0 12 13 1
b 4 4 13 1
c 4 4 12 0 13 1
c 4 4 10 0 13 1
c 4 4 6 7 13 1
b 4 4 6 1
c 4 4 5 3 6 1
p 4 4 5 6 5 4 1
c 4 4 4 13 4 1
p 4 2 21 323 17 19 1
c 4 2 21 323 19 1
c 4 2 22 324 19 1
p 4 2 21 323 20 22 1
p 4 2 0 0 25 53 1
p 4 2 24 24 25 53 1
b 4 2 53 1
c 4 2 14 24 53 1
b 4 2 54 1
c 4 2 7 24 15 1
c 4 2 4 24 15 1
c 4 2 9 54 15 1
p 4 2 0 0 15 17 1
c 4 2 21 15 17 1
p 4 2 21 15 17 20 1
c 4 2 21 15 20 1
p 4 2 21 15 20 21 1
